2025-11-21 13:40:35 Commission request for deal: 145
2025-11-21 13:40:35 Deal found: Array
(
    [ID] => 145
    [TITLE] => LuzOra / LuzOra / P2-08 / Apartment / TEST TEST
    [OPPORTUNITY] => 1823084.00
    [CURRENCY_ID] => AED
    [UF_CRM_1763708684] => Broker Test
)

2025-11-21 13:40:35 Comment to add: Commission request from broker: Broker Test
Deal: D-145
Deal amount: 1,823,084.00 AED
Commission rate: 20%
Commission amount: 364,616.80 AED
Date: 2025-11-21 13:40:35
2025-11-21 13:40:35 ERROR: CAllCrmDeal::Update(): Argument #2 ($arFields) cannot be passed by reference

2025-11-21 13:43:17 Commission request for deal: 145
2025-11-21 13:43:17 Deal found: Array
(
    [ID] => 145
    [TITLE] => LuzOra / LuzOra / P2-08 / Apartment / TEST TEST
    [OPPORTUNITY] => 1823084.00
    [CURRENCY_ID] => AED
    [COMMENTS] => Broker: Broker Test
Broker email: test@test.ru
Project: LuzOra
Unit: LuzOra / P2-08 / Apartment
Unit price: 1 823 084 AED
    [UF_CRM_1763708684] => Broker Test
)

2025-11-21 13:43:17 Comment to add: Commission request from broker: Broker Test
Deal: D-145
Deal amount: 1,823,084.00 AED
Commission rate: 20%
Commission amount: 364,616.80 AED
Date: 2025-11-21 13:43:17
2025-11-21 13:43:17 Deal updated: yes
2025-11-21 13:43:17 ERROR: 

